<?xml version="1.0" encoding="UTF-8"?>
<!-- Generated by org.testng.reporters.JUnitReportReporter -->
<testsuite skipped="0" hostname="Admin-PC" name="week5.day2Attributes.Priority" tests="4" failures="0" timestamp="2020-03-22T10:41:41 IST" time="0.021" errors="0">
  <testcase name="test2" time="0.017" classname="week5.day2Attributes.Priority"/>
  <testcase name="test3" time="0.001" classname="week5.day2Attributes.Priority"/>
  <testcase name="test1" time="0.002" classname="week5.day2Attributes.Priority"/>
  <testcase name="test0" time="0.001" classname="week5.day2Attributes.Priority"/>
</testsuite> <!-- week5.day2Attributes.Priority -->
