<?xml version="1.0" encoding="UTF-8"?>
<!-- Generated by org.testng.reporters.JUnitReportReporter -->
<testsuite skipped="0" hostname="Admin-PC" name="week5.day1.ACME" tests="1" failures="0" timestamp="2020-03-21T10:34:28 IST" time="22.882" errors="0">
  <testcase name="ACMEMain" time="22.882" classname="week5.day1.ACME"/>
</testsuite> <!-- week5.day1.ACME -->
