<?xml version="1.0" encoding="UTF-8"?>
<!-- Generated by org.testng.reporters.JUnitReportReporter -->
<testsuite skipped="0" hostname="Admin-PC" name="week5.day2Attributes.StaticParameter" tests="1" failures="0" timestamp="2020-03-22T13:06:19 IST" time="44.987" errors="0">
  <testcase name="CreateLeadTest" time="44.987" classname="week5.day2Attributes.StaticParameter"/>
</testsuite> <!-- week5.day2Attributes.StaticParameter -->
