<?xml version="1.0" encoding="UTF-8"?>
<!-- Generated by org.testng.reporters.JUnitReportReporter -->
<testsuite skipped="0" hostname="Admin-PC" name="week5.day1.CreateLead" tests="1" failures="0" timestamp="2020-03-22T09:21:49 IST" time="59.903" errors="0">
  <testcase name="CreateLeadTest" time="59.903" classname="week5.day1.CreateLead"/>
</testsuite> <!-- week5.day1.CreateLead -->
