<?xml version="1.0" encoding="UTF-8"?>
<!-- Generated by org.testng.reporters.JUnitReportReporter -->
<testsuite skipped="0" hostname="Admin-PC" name="week6day1.DynamicParameter" tests="2" failures="0" timestamp="2020-03-29T09:39:57 IST" time="82.583" errors="0">
  <testcase name="CreateLeadTest" time="63.029" classname="week6day1.DynamicParameter"/>
  <testcase name="CreateLeadTest" time="19.554" classname="week6day1.DynamicParameter"/>
</testsuite> <!-- week6day1.DynamicParameter -->
