<?xml version="1.0" encoding="UTF-8"?>
<!-- Generated by org.testng.reporters.JUnitReportReporter -->
<testsuite skipped="0" hostname="Admin-PC" name="assignments.QueueEntry.CreateChatQueueEntry" tests="1" failures="0" timestamp="2020-03-28T18:23:44 IST" time="93.160" errors="0">
  <testcase name="ChatQueueEntry" time="93.160" classname="assignments.QueueEntry.CreateChatQueueEntry"/>
</testsuite> <!-- assignments.QueueEntry.CreateChatQueueEntry -->
