<?xml version="1.0" encoding="UTF-8"?>
<!-- Generated by org.testng.reporters.JUnitReportReporter -->
<testsuite skipped="0" hostname="Admin-PC" name="week5.day1.Amazon" tests="1" failures="0" timestamp="2020-03-21T10:34:28 IST" time="173.643" errors="0">
  <testcase name="AmazonTest" time="173.643" classname="week5.day1.Amazon"/>
</testsuite> <!-- week5.day1.Amazon -->
