<?xml version="1.0" encoding="UTF-8"?>
<!-- Generated by org.testng.reporters.JUnitReportReporter -->
<testsuite skipped="0" hostname="Admin-PC" name="framework.testcases.CreateLead" tests="2" failures="0" timestamp="2020-04-04T15:27:07 IST" time="46.678" errors="0">
  <testcase name="executeCreateLead" time="23.422" classname="framework.testcases.CreateLead"/>
  <testcase name="executeCreateLead" time="23.256" classname="framework.testcases.CreateLead"/>
</testsuite> <!-- framework.testcases.CreateLead -->
