<?xml version="1.0" encoding="UTF-8"?>
<!-- Generated by org.testng.reporters.JUnitReportReporter -->
<testsuite skipped="0" hostname="Admin-PC" name="framework.testcases.CreateLead" tests="2" failures="0" timestamp="2020-04-11T16:49:04 IST" time="42.296" errors="0">
  <testcase name="executeCreateLead" time="19.933" classname="framework.testcases.CreateLead"/>
  <testcase name="executeCreateLead" time="22.363" classname="framework.testcases.CreateLead"/>
</testsuite> <!-- framework.testcases.CreateLead -->
