<?xml version="1.0" encoding="UTF-8"?>
<!-- Generated by org.testng.reporters.JUnitReportReporter -->
<testsuite skipped="1" hostname="Admin-PC" name="testcase.createLeadTestcase" tests="1" failures="0" timestamp="2020-04-14T22:01:18 IST" time="0.000" errors="0">
  <testcase name="executeCreateLead" time="0.000" classname="testcase.createLeadTestcase">
    <skipped/>
  </testcase> <!-- executeCreateLead -->
</testsuite> <!-- testcase.createLeadTestcase -->
