<?xml version="1.0" encoding="UTF-8"?>
<!-- Generated by org.testng.reporters.JUnitReportReporter -->
<testsuite skipped="0" hostname="Admin-PC" name="testcase.createLeadTestcase" tests="2" failures="0" timestamp="2020-04-13T16:51:01 IST" time="59.791" errors="0">
  <testcase name="runScenario" time="39.326" classname="testcase.createLeadTestcase"/>
  <testcase name="runScenario" time="20.465" classname="testcase.createLeadTestcase"/>
</testsuite> <!-- testcase.createLeadTestcase -->
