<?xml version="1.0" encoding="UTF-8"?>
<!-- Generated by org.testng.reporters.JUnitReportReporter -->
<testsuite skipped="0" hostname="Admin-PC" name="framework.testcases.Login" tests="2" failures="0" timestamp="2020-04-04T15:36:26 IST" time="73.371" errors="0">
  <testcase name="executeCreateLead" time="29.539" classname="framework.testcases.Login"/>
  <testcase name="executeCreateLead" time="43.832" classname="framework.testcases.Login"/>
</testsuite> <!-- framework.testcases.Login -->
