<?xml version="1.0" encoding="UTF-8"?>
<!-- Generated by org.testng.reporters.JUnitReportReporter -->
<testsuite skipped="0" hostname="Admin-PC" name="framework.testcases.CreateLead" tests="2" failures="0" timestamp="2020-04-04T15:36:26 IST" time="65.843" errors="0">
  <testcase name="executeCreateLead" time="26.084" classname="framework.testcases.CreateLead"/>
  <testcase name="executeCreateLead" time="39.759" classname="framework.testcases.CreateLead"/>
</testsuite> <!-- framework.testcases.CreateLead -->
