<?xml version="1.0" encoding="UTF-8"?>
<!-- Generated by org.testng.reporters.JUnitReportReporter -->
<testsuite skipped="0" hostname="Admin-PC" name="steps.ProjectSpecificMethods" tests="2" failures="0" timestamp="2020-04-11T09:18:20 IST" time="48.261" errors="0">
  <testcase name="runScenario" time="26.022" classname="steps.ProjectSpecificMethods"/>
  <testcase name="runScenario" time="22.239" classname="steps.ProjectSpecificMethods"/>
</testsuite> <!-- steps.ProjectSpecificMethods -->
