<?xml version="1.0" encoding="UTF-8"?>
<!-- Generated by org.testng.reporters.JUnitReportReporter -->
<testsuite skipped="1" hostname="Admin-PC" name="framework.testcases.LoginLogout" tests="1" failures="0" timestamp="2020-04-04T15:20:51 IST" time="0.000" errors="0">
  <testcase name="executeCreateLead" time="0.000" classname="framework.testcases.LoginLogout">
    <skipped/>
  </testcase> <!-- executeCreateLead -->
</testsuite> <!-- framework.testcases.LoginLogout -->
